SF:lib\data\http\http_error.dart
DA:1,32
DA:2,32
DA:3,32
DA:4,32
DA:5,32
DA:6,32
DA:7,32
LF:7
LH:7
end_of_record
SF:lib\data\models\local_survey_answer_model.dart
DA:11,1
DA:18,1
DA:19,1
DA:20,1
DA:21,2
DA:22,0
DA:24,1
DA:25,1
DA:26,1
DA:27,3
DA:28,2
DA:31,1
DA:32,1
DA:33,1
DA:34,1
DA:35,1
DA:36,1
DA:38,2
DA:39,1
DA:40,1
DA:41,1
DA:42,1
DA:44,2
DA:45,1
DA:46,1
DA:47,2
DA:48,2
LF:27
LH:26
end_of_record
SF:lib\data\models\local_survey_model.dart
DA:11,1
DA:18,1
DA:19,1
DA:20,1
DA:21,2
DA:22,1
DA:24,1
DA:25,1
DA:26,1
DA:27,2
DA:28,3
DA:32,2
DA:33,1
DA:34,1
DA:35,1
DA:36,1
DA:39,2
DA:40,1
DA:41,1
DA:42,1
DA:43,1
DA:46,2
DA:47,1
DA:48,1
DA:49,2
DA:50,2
LF:26
LH:26
end_of_record
SF:lib\data\models\local_survey_result_model.dart
DA:11,1
DA:17,1
DA:18,4
DA:19,1
DA:21,1
DA:22,1
DA:23,1
DA:24,1
DA:25,1
DA:26,2
DA:27,1
DA:30,1
DA:31,1
DA:32,1
DA:33,1
DA:34,1
DA:35,1
DA:36,2
DA:37,1
DA:39,2
DA:40,1
DA:41,1
DA:42,1
DA:43,3
DA:44,1
DA:46,2
DA:47,1
DA:48,1
DA:49,5
LF:29
LH:29
end_of_record
SF:lib\data\models\remote_account_model.dart
DA:9,2
DA:11,2
DA:12,2
DA:15,4
DA:18,6
LF:5
LH:5
end_of_record
SF:lib\data\models\remote_survey_answer_model.dart
DA:12,2
DA:19,2
DA:20,2
DA:21,2
DA:22,4
DA:25,2
DA:26,2
DA:27,2
DA:28,2
DA:29,2
DA:33,4
DA:34,2
DA:35,2
DA:36,2
DA:37,2
LF:15
LH:15
end_of_record
SF:lib\data\models\remote_survey_model.dart
DA:12,1
DA:19,1
DA:20,1
DA:21,1
DA:22,2
DA:25,1
DA:26,1
DA:27,1
DA:28,1
DA:29,1
DA:33,2
DA:34,1
DA:35,1
DA:36,2
DA:37,1
LF:15
LH:15
end_of_record
SF:lib\data\models\remote_survey_result_model.dart
DA:12,2
DA:18,2
DA:19,8
DA:22,2
DA:23,2
DA:24,2
DA:25,2
DA:26,2
DA:27,4
DA:28,2
DA:32,4
DA:33,2
DA:34,2
DA:35,2
DA:36,6
DA:37,2
LF:16
LH:16
end_of_record
SF:lib\data\usecases\add_account\remote_add_account.dart
DA:13,1
DA:16,1
DA:17,2
DA:20,4
DA:21,2
DA:22,1
DA:23,1
DA:36,1
DA:42,1
DA:43,1
DA:44,1
DA:45,1
DA:46,1
DA:47,1
DA:50,2
DA:51,1
DA:52,1
DA:53,1
DA:54,1
LF:19
LH:19
end_of_record
SF:lib\domain\usecases\add_account.dart
DA:16,1
DA:17,5
DA:19,2
LF:3
LH:3
end_of_record
SF:lib\data\usecases\authentication\remote_authentication.dart
DA:13,1
DA:16,1
DA:17,2
DA:20,4
DA:21,2
DA:22,1
DA:23,1
DA:34,1
DA:36,1
DA:37,3
DA:39,4
LF:11
LH:11
end_of_record
SF:lib\domain\usecases\authentication.dart
DA:14,1
DA:15,3
DA:17,2
LF:3
LH:3
end_of_record
SF:lib\data\usecases\load_current_account\local_load_current_account.dart
DA:11,1
DA:14,1
DA:16,3
DA:17,1
LF:4
LH:4
end_of_record
SF:lib\data\usecases\load_survey_result\local_load_survey_result.dart
DA:12,1
DA:15,1
DA:17,4
DA:18,2
DA:19,1
DA:21,2
DA:27,1
DA:29,4
DA:30,2
DA:32,4
DA:36,1
DA:38,2
DA:39,3
DA:40,2
LF:14
LH:14
end_of_record
SF:lib\data\usecases\load_survey_result\remote_load_survey_result.dart
DA:13,1
DA:16,1
DA:18,4
DA:19,2
DA:20,1
DA:21,1
LF:6
LH:6
end_of_record
SF:lib\data\usecases\load_surveys\local_load_surveys.dart
DA:12,1
DA:15,1
DA:17,3
DA:18,2
DA:19,1
DA:21,1
DA:27,1
DA:29,3
DA:30,1
DA:32,3
DA:36,1
DA:38,4
DA:44,1
DA:45,4
DA:46,1
DA:48,1
DA:49,4
DA:50,1
LF:18
LH:18
end_of_record
SF:lib\data\usecases\load_surveys\remote_load_surveys.dart
DA:13,1
DA:16,1
DA:18,4
DA:20,1
DA:21,3
DA:22,1
DA:23,1
DA:24,1
LF:8
LH:8
end_of_record
SF:lib\data\usecases\save_current_account\local_save_current_account.dart
DA:11,1
DA:14,1
DA:16,4
LF:3
LH:3
end_of_record
SF:lib\data\usecases\save_survey_result\remote_save_survey_result.dart
DA:13,1
DA:16,1
DA:18,2
DA:19,3
DA:20,2
DA:21,1
DA:22,1
LF:7
LH:7
end_of_record
SF:lib\domain\entities\account_entity.dart
DA:7,1
DA:8,2
DA:10,7
LF:3
LH:3
end_of_record
SF:lib\domain\entities\survey_answer_entity.dart
DA:10,3
DA:11,15
DA:13,5
LF:3
LH:3
end_of_record
SF:lib\domain\entities\survey_entity.dart
DA:10,2
DA:11,10
DA:13,4
LF:3
LH:3
end_of_record
SF:lib\domain\entities\survey_result_entity.dart
DA:11,3
DA:12,12
DA:14,5
LF:3
LH:3
end_of_record
SF:lib\domain\helpers\domain_error.dart
DA:1,160
LF:1
LH:1
end_of_record
SF:lib\ui\components\app_theme.dart
DA:3,0
DA:9,0
DA:26,0
DA:32,0
DA:35,0
LF:5
LH:0
end_of_record
SF:lib\ui\components\error_message.dart
DA:3,2
DA:4,6
DA:5,2
DA:6,2
LF:4
LH:4
end_of_record
SF:lib\ui\components\headline1.dart
DA:7,4
DA:9,2
DA:11,6
DA:13,6
LF:4
LH:4
end_of_record
SF:lib\ui\components\login_header.dart
DA:4,0
DA:6,2
DA:8,2
DA:11,2
DA:12,2
DA:15,2
DA:16,4
DA:17,4
LF:8
LH:7
end_of_record
SF:lib\ui\components\reload_screen.dart
DA:9,2
DA:10,2
DA:12,2
DA:14,2
DA:16,2
DA:18,2
DA:19,4
DA:23,2
DA:24,2
DA:25,6
LF:10
LH:10
end_of_record
SF:lib\ui\components\spinner_dialog.dart
DA:5,4
DA:6,4
DA:9,4
DA:10,4
DA:11,4
DA:13,4
DA:16,12
DA:24,4
DA:25,4
DA:26,8
LF:10
LH:10
end_of_record
SF:lib\ui\helpers\errors\ui_error.dart
DA:3,34
DA:4,32
DA:5,32
DA:6,32
DA:7,32
DA:8,32
DA:12,6
DA:14,6
DA:15,4
DA:16,6
DA:17,4
DA:18,6
DA:19,2
DA:20,6
DA:21,2
DA:23,12
LF:16
LH:16
end_of_record
SF:lib\ui\helpers\i18n\resources.dart
DA:6,18
DA:8,0
DA:9,0
DA:11,0
LF:4
LH:1
end_of_record
SF:lib\ui\helpers\i18n\strings\pt_br.dart
DA:4,1
DA:7,1
DA:10,2
DA:13,2
DA:16,6
DA:20,2
DA:23,1
DA:26,2
DA:29,1
DA:32,2
DA:35,1
DA:38,2
DA:41,2
DA:44,1
DA:47,1
DA:50,4
LF:16
LH:16
end_of_record
SF:lib\ui\mixins\keyboard_manager.dart
DA:4,0
DA:5,0
DA:6,0
DA:7,0
LF:4
LH:0
end_of_record
SF:lib\ui\mixins\loading_manager.dart
DA:6,4
DA:7,8
DA:8,4
DA:9,4
DA:11,4
LF:5
LH:5
end_of_record
SF:lib\ui\mixins\navigation_manager.dart
DA:4,4
DA:5,8
DA:6,8
DA:7,4
DA:8,6
DA:10,2
LF:6
LH:6
end_of_record
SF:lib\ui\mixins\session_manager.dart
DA:4,2
DA:5,4
DA:6,2
DA:7,4
LF:4
LH:4
end_of_record
SF:lib\ui\mixins\ui_error_manager.dart
DA:7,2
DA:8,4
DA:10,4
LF:3
LH:3
end_of_record
SF:lib\ui\pages\login\components\email_input.dart
DA:8,0
DA:10,1
DA:12,1
DA:13,1
DA:14,1
DA:15,1
DA:16,1
DA:17,1
DA:18,2
DA:19,3
DA:20,3
DA:23,1
LF:12
LH:11
end_of_record
SF:lib\ui\pages\login\components\login_button.dart
DA:8,0
DA:10,1
DA:12,1
DA:13,1
DA:14,1
DA:15,1
DA:16,1
DA:17,3
DA:18,4
LF:9
LH:8
end_of_record
SF:lib\ui\pages\login\components\password_input.dart
DA:8,0
DA:10,1
DA:12,1
DA:13,1
DA:14,1
DA:15,1
DA:16,1
DA:17,1
DA:18,2
DA:20,3
DA:21,3
DA:24,1
LF:12
LH:11
end_of_record
SF:lib\ui\pages\login\login_page.dart
DA:14,2
DA:16,1
DA:18,1
DA:19,1
DA:20,1
DA:21,3
DA:22,3
DA:23,3
DA:25,1
DA:26,0
DA:27,1
DA:28,1
DA:30,1
DA:32,3
DA:33,1
DA:35,1
DA:36,2
DA:37,1
DA:38,1
DA:39,1
DA:46,1
DA:47,2
DA:49,3
LF:23
LH:22
end_of_record
SF:lib\ui\pages\signup\components\email_input.dart
DA:8,0
DA:10,1
DA:12,1
DA:13,1
DA:14,1
DA:15,1
DA:16,1
DA:17,1
DA:18,2
DA:19,3
DA:20,3
DA:23,1
LF:12
LH:11
end_of_record
SF:lib\ui\pages\signup\components\name_input.dart
DA:8,0
DA:10,1
DA:12,1
DA:13,1
DA:14,1
DA:15,1
DA:16,1
DA:17,1
DA:18,2
DA:20,3
DA:21,3
DA:24,1
LF:12
LH:11
end_of_record
SF:lib\ui\pages\signup\components\password_confirmation_input.dart
DA:8,0
DA:10,1
DA:12,1
DA:13,1
DA:14,1
DA:15,1
DA:16,1
DA:17,1
DA:18,2
DA:19,3
DA:20,3
DA:23,1
LF:12
LH:11
end_of_record
SF:lib\ui\pages\signup\components\password_input.dart
DA:8,0
DA:10,1
DA:12,1
DA:13,1
DA:14,1
DA:15,1
DA:16,1
DA:17,1
DA:18,2
DA:19,3
DA:20,3
DA:23,1
LF:12
LH:11
end_of_record
SF:lib\ui\pages\signup\components\signup_button.dart
DA:8,0
DA:10,1
DA:12,1
DA:13,1
DA:14,1
DA:15,1
DA:16,1
DA:17,3
DA:18,4
LF:9
LH:8
end_of_record
SF:lib\ui\pages\signup\signup_page.dart
DA:14,2
DA:16,1
DA:18,1
DA:19,1
DA:20,1
DA:21,3
DA:22,3
DA:23,3
DA:25,1
DA:26,0
DA:27,1
DA:28,1
DA:30,1
DA:32,3
DA:33,1
DA:35,1
DA:36,2
DA:37,1
DA:38,1
DA:39,1
DA:51,1
DA:52,2
DA:54,3
LF:23
LH:22
end_of_record
SF:lib\ui\pages\splash\splash_page.dart
DA:9,2
DA:11,1
DA:13,2
DA:15,1
DA:16,1
DA:17,1
DA:18,1
DA:19,3
LF:8
LH:8
end_of_record
SF:lib\ui\pages\survey_result\components\active_icon.dart
DA:4,0
DA:6,1
DA:8,1
DA:10,1
DA:12,2
LF:5
LH:4
end_of_record
SF:lib\ui\pages\survey_result\components\disabled_icon.dart
DA:4,0
DA:6,1
DA:8,1
DA:10,1
DA:12,2
LF:5
LH:4
end_of_record
SF:lib\ui\pages\survey_result\components\survey_answer.dart
DA:9,2
DA:11,1
DA:13,1
DA:14,1
DA:15,1
DA:16,1
DA:18,3
DA:21,3
DA:22,1
DA:25,2
DA:27,2
DA:28,1
DA:30,1
DA:32,2
DA:33,1
DA:35,1
DA:36,2
DA:43,1
DA:44,1
DA:45,1
DA:47,3
DA:48,1
DA:50,1
LF:23
LH:23
end_of_record
SF:lib\ui\pages\survey_result\components\survey_header.dart
DA:6,2
DA:8,1
DA:10,1
DA:14,4
DA:15,2
LF:5
LH:5
end_of_record
SF:lib\ui\pages\survey_result\components\survey_result.dart
DA:10,1
DA:11,1
DA:13,1
DA:15,1
DA:16,1
DA:17,1
DA:18,3
DA:20,4
DA:21,1
DA:22,1
DA:23,4
DA:24,1
DA:26,4
LF:13
LH:13
end_of_record
SF:lib\ui\pages\survey_result\survey_answer_viewmodel.dart
DA:10,1
DA:11,5
DA:13,1
LF:3
LH:3
end_of_record
SF:lib\ui\pages\survey_result\survey_result_page.dart
DA:13,2
DA:15,1
DA:17,1
DA:18,4
DA:19,2
DA:20,3
DA:21,3
DA:22,2
DA:24,1
DA:25,2
DA:26,1
DA:27,1
DA:28,1
DA:29,3
DA:31,1
DA:32,1
DA:33,3
LF:17
LH:17
end_of_record
SF:lib\ui\pages\survey_result\survey_result_viewmodel.dart
DA:11,1
DA:12,4
DA:14,1
LF:3
LH:3
end_of_record
SF:lib\ui\pages\surveys\components\survey_item.dart
DA:9,2
DA:11,1
DA:13,1
DA:14,1
DA:15,4
DA:16,1
DA:18,1
DA:20,1
DA:21,2
DA:22,2
DA:23,2
DA:26,1
DA:28,1
DA:29,1
DA:30,2
DA:37,1
DA:38,2
LF:17
LH:17
end_of_record
SF:lib\ui\pages\surveys\components\survey_items.dart
DA:10,2
DA:12,1
DA:14,1
DA:16,1
DA:17,1
DA:18,5
LF:6
LH:6
end_of_record
SF:lib\ui\pages\surveys\survey_viewmodel.dart
DA:10,1
DA:11,5
DA:13,1
LF:3
LH:3
end_of_record
SF:lib\ui\pages\surveys\surveys_page.dart
DA:14,2
DA:16,1
DA:17,1
DA:22,1
DA:24,4
DA:25,1
DA:26,4
DA:27,1
DA:28,1
DA:29,4
DA:30,4
DA:31,4
DA:32,3
DA:34,1
DA:35,3
DA:36,1
DA:37,1
DA:38,1
DA:39,4
DA:41,1
DA:42,1
DA:43,3
DA:44,2
DA:53,1
DA:55,3
DA:58,1
DA:60,3
DA:61,1
LF:28
LH:28
end_of_record
SF:lib\infra\cache\local_storage_adapter.dart
DA:9,1
DA:12,1
DA:13,3
DA:14,3
DA:18,1
DA:19,3
DA:23,1
DA:24,3
LF:8
LH:8
end_of_record
SF:lib\infra\cache\secure_storage_adapter.dart
DA:13,1
DA:16,1
DA:17,3
DA:21,1
DA:22,2
DA:26,1
DA:27,3
LF:7
LH:7
end_of_record
SF:lib\infra\http\http_adapter.dart
DA:11,1
DA:14,1
DA:19,2
DA:20,1
DA:21,1
DA:22,1
DA:23,1
DA:26,1
DA:28,2
DA:29,1
DA:30,2
DA:31,1
DA:33,2
DA:36,2
DA:41,1
DA:44,1
DA:45,1
DA:46,1
DA:47,4
DA:48,1
DA:50,1
DA:52,1
DA:54,1
DA:56,1
LF:24
LH:24
end_of_record
SF:lib\main\composites\remote_load_survey_result_with_local_fallback.dart
DA:12,1
DA:18,1
DA:20,3
DA:21,3
DA:24,1
DA:27,3
DA:28,2
LF:7
LH:7
end_of_record
SF:lib\main\composites\remote_load_surveys_with_local_fallback.dart
DA:12,1
DA:16,1
DA:18,3
DA:19,3
DA:22,1
DA:25,3
DA:26,2
LF:7
LH:7
end_of_record
SF:lib\main\composites\validation_composite.dart
DA:9,1
DA:11,1
DA:14,6
DA:15,1
LF:4
LH:4
end_of_record
SF:lib\presentation\protocols\validation.dart
DA:7,42
LF:1
LH:1
end_of_record
SF:lib\main\decorators\authorize_http_client_decorator.dart
DA:11,1
DA:18,1
DA:25,3
DA:26,1
DA:27,2
DA:28,3
DA:31,2
DA:34,3
LF:8
LH:8
end_of_record
SF:lib\main\builders\validation_builder.dart
DA:9,2
DA:11,2
DA:12,2
DA:13,2
DA:17,2
DA:18,8
DA:22,2
DA:23,8
DA:27,2
DA:28,8
DA:32,1
DA:33,3
DA:34,1
DA:38,4
LF:14
LH:14
end_of_record
SF:lib\main\factories\cache\local_storage_adapter_factory.dart
DA:5,0
DA:6,0
LF:2
LH:0
end_of_record
SF:lib\main\factories\cache\secure_storage_adapter_factory.dart
DA:5,0
DA:6,0
LF:2
LH:0
end_of_record
SF:lib\main\factories\http\api_url_factory.dart
DA:1,0
LF:1
LH:0
end_of_record
SF:lib\main\factories\http\authorize_http_client_decorator_factory.dart
DA:5,0
DA:6,0
DA:7,0
DA:8,0
LF:4
LH:0
end_of_record
SF:lib\main\factories\http\http_client_factory.dart
DA:6,0
LF:1
LH:0
end_of_record
SF:lib\main\factories\pages\login\login_page_factory.dart
DA:6,0
LF:1
LH:0
end_of_record
SF:lib\main\factories\pages\login\login_presenter_factory.dart
DA:5,0
DA:6,0
DA:7,0
DA:8,0
LF:4
LH:0
end_of_record
SF:lib\main\factories\pages\login\login_validation_factory.dart
DA:6,0
DA:8,2
DA:9,5
DA:10,5
LF:4
LH:3
end_of_record
SF:lib\main\factories\pages\signup\signup_page_factory.dart
DA:6,0
LF:1
LH:0
end_of_record
SF:lib\main\factories\pages\signup\signup_presenter_factory.dart
DA:5,0
DA:6,0
DA:7,0
DA:8,0
LF:4
LH:0
end_of_record
SF:lib\main\factories\pages\signup\signup_validation_factory.dart
DA:6,0
DA:7,0
DA:9,2
DA:10,5
DA:11,5
DA:12,5
DA:13,2
DA:14,1
DA:15,1
DA:16,1
LF:10
LH:8
end_of_record
SF:lib\main\factories\pages\splash\splash_page_factory.dart
DA:6,0
LF:1
LH:0
end_of_record
SF:lib\main\factories\pages\splash\splash_presenter_factory.dart
DA:5,0
DA:6,0
LF:2
LH:0
end_of_record
SF:lib\main\factories\pages\survey_result\survey_result_page_factory.dart
DA:7,0
DA:8,0
LF:2
LH:0
end_of_record
SF:lib\main\factories\pages\survey_result\survey_result_presenter_factory.dart
DA:5,0
DA:6,0
DA:7,0
DA:8,0
LF:4
LH:0
end_of_record
SF:lib\main\factories\pages\surveys\surveys_page_factory.dart
DA:6,0
LF:1
LH:0
end_of_record
SF:lib\main\factories\pages\surveys\surveys_presenter_factory.dart
DA:5,0
DA:6,0
LF:2
LH:0
end_of_record
SF:lib\main\factories\usecases\add_account_factory.dart
DA:5,0
DA:6,0
LF:2
LH:0
end_of_record
SF:lib\main\factories\usecases\authentication_factory.dart
DA:5,0
DA:6,0
LF:2
LH:0
end_of_record
SF:lib\main\factories\usecases\load_current_account_factory.dart
DA:5,0
DA:6,0
LF:2
LH:0
end_of_record
SF:lib\main\factories\usecases\load_survey_result_factory.dart
DA:6,0
DA:7,0
DA:8,0
DA:9,0
DA:11,0
DA:12,0
DA:14,0
DA:15,0
DA:16,0
DA:17,0
LF:10
LH:0
end_of_record
SF:lib\main\factories\usecases\load_surveys_factory.dart
DA:6,0
DA:7,0
DA:9,0
DA:10,0
DA:12,0
DA:13,0
DA:14,0
LF:7
LH:0
end_of_record
SF:lib\main\factories\usecases\save_current_account_factory.dart
DA:5,0
DA:6,0
LF:2
LH:0
end_of_record
SF:lib\main\factories\usecases\save_survey_result_factory.dart
DA:5,0
DA:6,0
DA:7,0
DA:8,0
LF:4
LH:0
end_of_record
SF:lib\presentation\helpers\survey_result_entity_extensions.dart
DA:5,2
DA:6,1
DA:7,1
DA:8,5
DA:12,2
DA:13,1
DA:14,1
DA:15,2
DA:16,1
LF:9
LH:9
end_of_record
SF:lib\presentation\mixins\form_manager.dart
DA:6,6
DA:8,6
LF:2
LH:2
end_of_record
SF:lib\presentation\mixins\loading_manager.dart
DA:6,12
DA:8,12
LF:2
LH:2
end_of_record
SF:lib\presentation\mixins\navigation_manager.dart
DA:6,12
DA:8,16
LF:2
LH:2
end_of_record
SF:lib\presentation\mixins\session_manager.dart
DA:6,6
DA:8,6
LF:2
LH:2
end_of_record
SF:lib\presentation\mixins\ui_error_manager.dart
DA:8,6
DA:10,6
LF:2
LH:2
end_of_record
SF:lib\presentation\presenters\getx_login_presenter.dart
DA:24,1
DA:25,2
DA:27,1
DA:28,2
DA:30,1
DA:35,1
DA:37,1
DA:38,3
DA:39,1
DA:42,1
DA:44,1
DA:45,3
DA:46,1
DA:49,1
DA:50,1
DA:51,1
DA:52,1
DA:54,2
DA:56,1
DA:58,1
DA:65,1
DA:66,3
DA:67,2
DA:68,1
DA:69,1
DA:73,1
DA:75,1
DA:76,1
DA:77,2
DA:78,4
DA:79,3
DA:80,1
DA:81,1
DA:83,1
DA:84,1
DA:87,1
DA:90,1
DA:94,1
DA:96,1
LF:39
LH:39
end_of_record
SF:lib\presentation\presenters\getx_signup_presenter.dart
DA:28,1
DA:29,2
DA:31,1
DA:32,2
DA:34,1
DA:35,2
DA:37,1
DA:39,2
DA:41,1
DA:46,1
DA:48,1
DA:49,3
DA:50,1
DA:53,1
DA:55,1
DA:56,3
DA:57,1
DA:60,1
DA:62,1
DA:63,3
DA:64,1
DA:67,1
DA:69,1
DA:70,3
DA:71,1
DA:74,1
DA:75,1
DA:76,1
DA:77,1
DA:78,1
DA:79,1
DA:81,2
DA:83,1
DA:85,1
DA:92,1
DA:93,3
DA:94,2
DA:95,2
DA:96,2
DA:97,1
DA:98,1
DA:99,1
DA:100,1
DA:104,1
DA:106,1
DA:107,1
DA:108,4
DA:109,1
DA:110,1
DA:111,1
DA:112,1
DA:113,3
DA:114,1
DA:115,1
DA:117,1
DA:118,1
DA:121,1
DA:124,1
DA:128,1
DA:130,1
LF:60
LH:60
end_of_record
SF:lib\presentation\presenters\getx_splash_presenter.dart
DA:13,1
DA:16,1
DA:17,3
DA:19,3
DA:20,2
DA:22,1
LF:6
LH:6
end_of_record
SF:lib\presentation\presenters\getx_survey_result_presenter.dart
DA:20,1
DA:21,2
DA:23,1
DA:30,1
DA:31,2
DA:32,4
DA:36,1
DA:37,5
DA:40,1
DA:43,1
DA:44,2
DA:45,4
DA:46,1
DA:47,1
DA:48,1
DA:50,4
DA:53,1
LF:17
LH:17
end_of_record
SF:lib\presentation\presenters\getx_surveys_presenter.dart
DA:17,1
DA:18,2
DA:20,1
DA:23,1
DA:25,1
DA:26,3
DA:27,2
DA:28,3
DA:29,1
DA:30,1
DA:31,3
DA:32,1
DA:33,1
DA:34,1
DA:35,1
DA:36,1
DA:38,4
DA:41,1
DA:45,1
DA:47,2
LF:20
LH:20
end_of_record
SF:lib\validation\validators\compare_fields_validation.dart
DA:12,1
DA:13,3
DA:15,1
DA:18,1
DA:19,2
DA:20,2
DA:21,5
LF:7
LH:7
end_of_record
SF:lib\validation\validators\email_validation.dart
DA:10,2
DA:11,4
DA:13,2
DA:15,1
DA:17,1
DA:20,7
LF:6
LH:6
end_of_record
SF:lib\validation\validators\min_length_validation.dart
DA:12,2
DA:13,6
DA:15,2
DA:17,1
DA:19,7
LF:5
LH:5
end_of_record
SF:lib\validation\validators\required_field_validation.dart
DA:10,2
DA:11,4
DA:13,2
DA:15,1
DA:17,4
LF:5
LH:5
end_of_record
